Using pre-set license
Built from '2020.3/staging' branch; Version is '2020.3.16f1 (049d6eca3c44) revision 302446'; Using compiler version '192528614'; Build Type 'Release'
OS: 'Windows 10 Home; OS build 19042.1237; Version 2009; 64bit' Language: 'en' Physical Memory: 12101 MB
BatchMode: 1, IsHumanControllingUs: 0, StartBugReporterOnCrash: 0, Is64bit: 1, IsPro: 0

 COMMAND LINE ARGUMENTS:
C:\Program Files\Unity\Hub\Editor\2020.3.16f1\Editor\Unity.exe
-adb2
-batchMode
-noUpm
-name
AssetImportWorker0
-projectPath
C:/Users/clari/Desktop/fall 2021/3480/Tutorial 1.5
-logFile
Logs/AssetImportWorker0.log
-srvPort
55049
Successfully changed project path to: C:/Users/clari/Desktop/fall 2021/3480/Tutorial 1.5
C:/Users/clari/Desktop/fall 2021/3480/Tutorial 1.5
Using Asset Import Pipeline V2.
Refreshing native plugins compatible for Editor in 38.18 ms, found 3 plugins.
Preloading 0 native plugins for Editor in 0.00 ms.
Initialize engine version: 2020.3.16f1 (049d6eca3c44)
[Subsystems] Discovering subsystems at path C:/Program Files/Unity/Hub/Editor/2020.3.16f1/Editor/Data/Resources/UnitySubsystems
[Subsystems] Discovering subsystems at path C:/Users/clari/Desktop/fall 2021/3480/Tutorial 1.5/Assets
GfxDevice: creating device client; threaded=0
Direct3D:
    Version:  Direct3D 11.0 [level 11.1]
    Renderer: Intel(R) UHD Graphics 620 (ID=0x3ea0)
    Vendor:   
    VRAM:     6050 MB
    Driver:   26.20.100.7323
Initialize mono
Mono path[0] = 'C:/Program Files/Unity/Hub/Editor/2020.3.16f1/Editor/Data/Managed'
Mono path[1] = 'C:/Program Files/Unity/Hub/Editor/2020.3.16f1/Editor/Data/MonoBleedingEdge/lib/mono/unityjit'
Mono config path = 'C:/Program Files/Unity/Hub/Editor/2020.3.16f1/Editor/Data/MonoBleedingEdge/etc'
Using monoOptions --debugger-agent=transport=dt_socket,embedding=1,server=y,suspend=n,address=127.0.0.1:56820
Begin MonoManager ReloadAssembly
Registering precompiled unity dll's ...
Register platform support module: C:/Program Files/Unity/Hub/Editor/2020.3.16f1/Editor/Data/PlaybackEngines/WebGLSupport/UnityEditor.WebGL.Extensions.dll
Register platform support module: C:/Program Files/Unity/Hub/Editor/2020.3.16f1/Editor/Data/PlaybackEngines/WindowsStandaloneSupport/UnityEditor.WindowsStandalone.Extensions.dll
Registered in 0.002019 seconds.
Native extension for WindowsStandalone target not found
Native extension for WebGL target not found
Refreshing native plugins compatible for Editor in 36.37 ms, found 3 plugins.
Preloading 0 native plugins for Editor in 0.00 ms.
Mono: successfully reloaded assembly
- Completed reload, in  1.058 seconds
Domain Reload Profiling:
	ReloadAssembly (1058ms)
		BeginReloadAssembly (46ms)
			ExecutionOrderSort (0ms)
			DisableScriptedObjects (0ms)
			BackupInstance (0ms)
			ReleaseScriptingObjects (0ms)
			CreateAndSetChildDomain (1ms)
		EndReloadAssembly (361ms)
			LoadAssemblies (43ms)
			RebuildTransferFunctionScriptingTraits (0ms)
			SetupTypeCache (126ms)
			ReleaseScriptCaches (0ms)
			RebuildScriptCaches (31ms)
			SetupLoadedEditorAssemblies (145ms)
				LogAssemblyErrors (0ms)
				InitializePlatformSupportModulesInManaged (4ms)
				SetLoadedEditorAssemblies (0ms)
				RefreshPlugins (36ms)
				BeforeProcessingInitializeOnLoad (12ms)
				ProcessInitializeOnLoadAttributes (69ms)
				ProcessInitializeOnLoadMethodAttributes (23ms)
				AfterProcessingInitializeOnLoad (0ms)
				EditorAssembliesLoaded (0ms)
			ExecutionOrderSort2 (0ms)
			AwakeInstancesAfterBackupRestoration (0ms)
Platform modules already initialized, skipping
Registering precompiled user dll's ...
Registered in 0.003458 seconds.
Begin MonoManager ReloadAssembly
Native extension for WindowsStandalone target not found
Native extension for WebGL target not found
Refreshing native plugins compatible for Editor in 38.55 ms, found 3 plugins.
Preloading 0 native plugins for Editor in 0.00 ms.
Mono: successfully reloaded assembly
- Completed reload, in  1.044 seconds
Domain Reload Profiling:
	ReloadAssembly (1045ms)
		BeginReloadAssembly (126ms)
			ExecutionOrderSort (0ms)
			DisableScriptedObjects (4ms)
			BackupInstance (0ms)
			ReleaseScriptingObjects (0ms)
			CreateAndSetChildDomain (18ms)
		EndReloadAssembly (862ms)
			LoadAssemblies (77ms)
			RebuildTransferFunctionScriptingTraits (0ms)
			SetupTypeCache (248ms)
			ReleaseScriptCaches (0ms)
			RebuildScriptCaches (45ms)
			SetupLoadedEditorAssemblies (366ms)
				LogAssemblyErrors (0ms)
				InitializePlatformSupportModulesInManaged (4ms)
				SetLoadedEditorAssemblies (0ms)
				RefreshPlugins (39ms)
				BeforeProcessingInitializeOnLoad (69ms)
				ProcessInitializeOnLoadAttributes (237ms)
				ProcessInitializeOnLoadMethodAttributes (11ms)
				AfterProcessingInitializeOnLoad (6ms)
				EditorAssembliesLoaded (0ms)
			ExecutionOrderSort2 (0ms)
			AwakeInstancesAfterBackupRestoration (6ms)
Platform modules already initialized, skipping
========================================================================
Worker process is ready to serve import requests
Launched and connected shader compiler UnityShaderCompiler.exe after 0.03 seconds
Refreshing native plugins compatible for Editor in 0.50 ms, found 3 plugins.
Preloading 0 native plugins for Editor in 0.00 ms.
Unloading 2092 Unused Serialized files (Serialized files now loaded: 0)
System memory in use before: 93.1 MB.
System memory in use after: 93.2 MB.

Unloading 28 unused Assets to reduce memory usage. Loaded Objects now: 2529.
Total: 3.276500 ms (FindLiveObjects: 0.206600 ms CreateObjectMapping: 0.061400 ms MarkObjects: 2.897600 ms  DeleteObjects: 0.110100 ms)

AssetImportParameters requested are different than current active one (requested -> active):
  custom:framework-win-MediaFoundation: 216162199b28c13a410421893ffa2e32 -> 
  custom:video-decoder-ogg-theora: a1e56fd34408186e4bbccfd4996cb3dc -> 
  custom:container-muxer-webm: aa71ff27fc2769a1b78a27578f13a17b -> 
  custom:container-demuxer-webm: 4f35f7cbe854078d1ac9338744f61a02 -> 
  custom:container-demuxer-ogg: 62fdf1f143b41e24485cea50d1cbac27 -> 
  custom:video-encoder-webm-vp8: eb34c28f22e8b96e1ab97ce403110664 -> 
  custom:video-codec-MediaFoundation-h265: 746d11721c4dcdbdad8f713fa42b33f4 -> 
  custom:video-decoder-webm-vp8: 9c59270c3fd7afecdb556c50c9e8de78 -> 
  custom:audio-decoder-ogg-vorbis: bf7c407c2cedff20999df2af8eb42d56 -> 
  custom:audio-encoder-webm-vorbis: bf7c407c2cedff20999df2af8eb42d56 -> 
========================================================================
Received Import Request.
  path: Assets
  artifactKey: Guid(00000000000000001000000000000000) Importer(815301076,1909f56bfc062723c751e8b465ee728b)
Start importing Assets using Guid(00000000000000001000000000000000) Importer(815301076,1909f56bfc062723c751e8b465ee728b)  -> (artifact id: '42d402b061de3733987d63b9cc3b64de') in 0.007956 seconds 
  Import took 0.011756 seconds .

========================================================================
Received Import Request.
  Time since last request: 2.820938 seconds.
  path: Assets/Animations
  artifactKey: Guid(05d66673409209348ab3dd49ce91810c) Importer(815301076,1909f56bfc062723c751e8b465ee728b)
Start importing Assets/Animations using Guid(05d66673409209348ab3dd49ce91810c) Importer(815301076,1909f56bfc062723c751e8b465ee728b)  -> (artifact id: '7fe3b76cd110b5ae79c8c01c09622f7b') in 0.007716 seconds 
  Import took 0.010795 seconds .

========================================================================
Received Import Request.
  Time since last request: 8.200262 seconds.
  path: Assets/Scripts
  artifactKey: Guid(c12ff1dcbcfac1147b253b9990e8cdec) Importer(815301076,1909f56bfc062723c751e8b465ee728b)
Start importing Assets/Scripts using Guid(c12ff1dcbcfac1147b253b9990e8cdec) Importer(815301076,1909f56bfc062723c751e8b465ee728b)  -> (artifact id: '810811b384458c4562e79d99fae71d6d') in 0.008613 seconds 
  Import took 0.012047 seconds .

========================================================================
Received Import Request.
  Time since last request: 8.196008 seconds.
  path: Assets/Sounds
  artifactKey: Guid(3a4cca5b4e316474db24f5a3013f0f94) Importer(815301076,1909f56bfc062723c751e8b465ee728b)
Start importing Assets/Sounds using Guid(3a4cca5b4e316474db24f5a3013f0f94) Importer(815301076,1909f56bfc062723c751e8b465ee728b)  -> (artifact id: '3e8daadbc6899a89ee70f49604ab20cc') in 0.007476 seconds 
  Import took 0.010725 seconds .

========================================================================
Received Import Request.
  Time since last request: 0.003184 seconds.
  path: Assets/Sounds
  artifactKey: Guid(3a4cca5b4e316474db24f5a3013f0f94) Importer(815301076,1909f56bfc062723c751e8b465ee728b)
Start importing Assets/Sounds using Guid(3a4cca5b4e316474db24f5a3013f0f94) Importer(815301076,1909f56bfc062723c751e8b465ee728b)  -> (artifact id: '3e8daadbc6899a89ee70f49604ab20cc') in 0.002588 seconds 
  Import took 0.007092 seconds .

========================================================================
Received Import Request.
  Time since last request: 7.985501 seconds.
  path: Assets/Sprites
  artifactKey: Guid(d9d6c7c24a03fc04ebf30bf4da2acc82) Importer(815301076,1909f56bfc062723c751e8b465ee728b)
Start importing Assets/Sprites using Guid(d9d6c7c24a03fc04ebf30bf4da2acc82) Importer(815301076,1909f56bfc062723c751e8b465ee728b)  -> (artifact id: '63768163efc967c6582c91ee0464ecea') in 0.007765 seconds 
  Import took 0.010897 seconds .

========================================================================
Received Prepare
Registering precompiled user dll's ...
Registered in 0.003596 seconds.
Begin MonoManager ReloadAssembly
Native extension for WindowsStandalone target not found
Native extension for WebGL target not found
Refreshing native plugins compatible for Editor in 0.49 ms, found 3 plugins.
Preloading 0 native plugins for Editor in 0.00 ms.
Mono: successfully reloaded assembly
- Completed reload, in  1.042 seconds
Domain Reload Profiling:
	ReloadAssembly (1042ms)
		BeginReloadAssembly (108ms)
			ExecutionOrderSort (0ms)
			DisableScriptedObjects (6ms)
			BackupInstance (0ms)
			ReleaseScriptingObjects (0ms)
			CreateAndSetChildDomain (35ms)
		EndReloadAssembly (866ms)
			LoadAssemblies (85ms)
			RebuildTransferFunctionScriptingTraits (0ms)
			SetupTypeCache (271ms)
			ReleaseScriptCaches (1ms)
			RebuildScriptCaches (40ms)
			SetupLoadedEditorAssemblies (358ms)
				LogAssemblyErrors (0ms)
				InitializePlatformSupportModulesInManaged (6ms)
				SetLoadedEditorAssemblies (0ms)
				RefreshPlugins (1ms)
				BeforeProcessingInitializeOnLoad (83ms)
				ProcessInitializeOnLoadAttributes (248ms)
				ProcessInitializeOnLoadMethodAttributes (8ms)
				AfterProcessingInitializeOnLoad (12ms)
				EditorAssembliesLoaded (0ms)
			ExecutionOrderSort2 (0ms)
			AwakeInstancesAfterBackupRestoration (13ms)
Platform modules already initialized, skipping
Refreshing native plugins compatible for Editor in 0.50 ms, found 3 plugins.
Preloading 0 native plugins for Editor in 0.00 ms.
Unloading 2082 Unused Serialized files (Serialized files now loaded: 0)
System memory in use before: 92.5 MB.
System memory in use after: 92.6 MB.

Unloading 16 unused Assets to reduce memory usage. Loaded Objects now: 2532.
Total: 2.846700 ms (FindLiveObjects: 0.194900 ms CreateObjectMapping: 0.068900 ms MarkObjects: 2.566500 ms  DeleteObjects: 0.015300 ms)

AssetImportParameters requested are different than current active one (requested -> active):
  custom:framework-win-MediaFoundation: 216162199b28c13a410421893ffa2e32 -> 
  custom:video-decoder-ogg-theora: a1e56fd34408186e4bbccfd4996cb3dc -> 
  custom:container-muxer-webm: aa71ff27fc2769a1b78a27578f13a17b -> 
  custom:container-demuxer-webm: 4f35f7cbe854078d1ac9338744f61a02 -> 
  custom:container-demuxer-ogg: 62fdf1f143b41e24485cea50d1cbac27 -> 
  custom:video-encoder-webm-vp8: eb34c28f22e8b96e1ab97ce403110664 -> 
  custom:video-codec-MediaFoundation-h265: 746d11721c4dcdbdad8f713fa42b33f4 -> 
  custom:video-decoder-webm-vp8: 9c59270c3fd7afecdb556c50c9e8de78 -> 
  custom:audio-decoder-ogg-vorbis: bf7c407c2cedff20999df2af8eb42d56 -> 
  custom:audio-encoder-webm-vorbis: bf7c407c2cedff20999df2af8eb42d56 -> 
========================================================================
Received Prepare
Registering precompiled user dll's ...
Registered in 0.005150 seconds.
Begin MonoManager ReloadAssembly
Native extension for WindowsStandalone target not found
Native extension for WebGL target not found
Refreshing native plugins compatible for Editor in 0.49 ms, found 3 plugins.
Preloading 0 native plugins for Editor in 0.00 ms.
Mono: successfully reloaded assembly
- Completed reload, in  1.121 seconds
Domain Reload Profiling:
	ReloadAssembly (1121ms)
		BeginReloadAssembly (102ms)
			ExecutionOrderSort (0ms)
			DisableScriptedObjects (5ms)
			BackupInstance (0ms)
			ReleaseScriptingObjects (0ms)
			CreateAndSetChildDomain (29ms)
		EndReloadAssembly (960ms)
			LoadAssemblies (92ms)
			RebuildTransferFunctionScriptingTraits (0ms)
			SetupTypeCache (370ms)
			ReleaseScriptCaches (1ms)
			RebuildScriptCaches (40ms)
			SetupLoadedEditorAssemblies (351ms)
				LogAssemblyErrors (0ms)
				InitializePlatformSupportModulesInManaged (5ms)
				SetLoadedEditorAssemblies (0ms)
				RefreshPlugins (1ms)
				BeforeProcessingInitializeOnLoad (86ms)
				ProcessInitializeOnLoadAttributes (248ms)
				ProcessInitializeOnLoadMethodAttributes (6ms)
				AfterProcessingInitializeOnLoad (6ms)
				EditorAssembliesLoaded (0ms)
			ExecutionOrderSort2 (0ms)
			AwakeInstancesAfterBackupRestoration (9ms)
Platform modules already initialized, skipping
Refreshing native plugins compatible for Editor in 0.46 ms, found 3 plugins.
Preloading 0 native plugins for Editor in 0.00 ms.
Unloading 2082 Unused Serialized files (Serialized files now loaded: 0)
System memory in use before: 92.6 MB.
System memory in use after: 92.7 MB.

Unloading 16 unused Assets to reduce memory usage. Loaded Objects now: 2535.
Total: 2.800600 ms (FindLiveObjects: 0.177100 ms CreateObjectMapping: 0.075300 ms MarkObjects: 2.513600 ms  DeleteObjects: 0.033700 ms)

AssetImportParameters requested are different than current active one (requested -> active):
  custom:framework-win-MediaFoundation: 216162199b28c13a410421893ffa2e32 -> 
  custom:video-decoder-ogg-theora: a1e56fd34408186e4bbccfd4996cb3dc -> 
  custom:container-muxer-webm: aa71ff27fc2769a1b78a27578f13a17b -> 
  custom:container-demuxer-webm: 4f35f7cbe854078d1ac9338744f61a02 -> 
  custom:container-demuxer-ogg: 62fdf1f143b41e24485cea50d1cbac27 -> 
  custom:video-encoder-webm-vp8: eb34c28f22e8b96e1ab97ce403110664 -> 
  custom:video-codec-MediaFoundation-h265: 746d11721c4dcdbdad8f713fa42b33f4 -> 
  custom:video-decoder-webm-vp8: 9c59270c3fd7afecdb556c50c9e8de78 -> 
  custom:audio-decoder-ogg-vorbis: bf7c407c2cedff20999df2af8eb42d56 -> 
  custom:audio-encoder-webm-vorbis: bf7c407c2cedff20999df2af8eb42d56 -> 
========================================================================
Received Import Request.
  Time since last request: 67.882413 seconds.
  path: Assets/Scripts/CatController.cs
  artifactKey: Guid(d8c25adfb3a76fe47803a90b4e305fd3) Importer(815301076,1909f56bfc062723c751e8b465ee728b)
Start importing Assets/Scripts/CatController.cs using Guid(d8c25adfb3a76fe47803a90b4e305fd3) Importer(815301076,1909f56bfc062723c751e8b465ee728b)  -> (artifact id: 'dc5a51aba04e898754398c30bd9f1b8f') in 0.020570 seconds 
  Import took 0.023361 seconds .

========================================================================
Received Prepare
Registering precompiled user dll's ...
Registered in 0.003432 seconds.
Begin MonoManager ReloadAssembly
Native extension for WindowsStandalone target not found
Native extension for WebGL target not found
Refreshing native plugins compatible for Editor in 0.45 ms, found 3 plugins.
Preloading 0 native plugins for Editor in 0.00 ms.
Mono: successfully reloaded assembly
- Completed reload, in  0.960 seconds
Domain Reload Profiling:
	ReloadAssembly (961ms)
		BeginReloadAssembly (99ms)
			ExecutionOrderSort (0ms)
			DisableScriptedObjects (6ms)
			BackupInstance (0ms)
			ReleaseScriptingObjects (0ms)
			CreateAndSetChildDomain (33ms)
		EndReloadAssembly (801ms)
			LoadAssemblies (76ms)
			RebuildTransferFunctionScriptingTraits (0ms)
			SetupTypeCache (253ms)
			ReleaseScriptCaches (1ms)
			RebuildScriptCaches (37ms)
			SetupLoadedEditorAssemblies (339ms)
				LogAssemblyErrors (0ms)
				InitializePlatformSupportModulesInManaged (5ms)
				SetLoadedEditorAssemblies (0ms)
				RefreshPlugins (0ms)
				BeforeProcessingInitializeOnLoad (85ms)
				ProcessInitializeOnLoadAttributes (237ms)
				ProcessInitializeOnLoadMethodAttributes (5ms)
				AfterProcessingInitializeOnLoad (6ms)
				EditorAssembliesLoaded (0ms)
			ExecutionOrderSort2 (0ms)
			AwakeInstancesAfterBackupRestoration (11ms)
Platform modules already initialized, skipping
Refreshing native plugins compatible for Editor in 0.50 ms, found 3 plugins.
Preloading 0 native plugins for Editor in 0.00 ms.
Unloading 2082 Unused Serialized files (Serialized files now loaded: 0)
System memory in use before: 92.6 MB.
System memory in use after: 92.7 MB.

Unloading 16 unused Assets to reduce memory usage. Loaded Objects now: 2538.
Total: 3.186700 ms (FindLiveObjects: 0.185800 ms CreateObjectMapping: 0.068100 ms MarkObjects: 2.914000 ms  DeleteObjects: 0.017700 ms)

AssetImportParameters requested are different than current active one (requested -> active):
  custom:framework-win-MediaFoundation: 216162199b28c13a410421893ffa2e32 -> 
  custom:video-decoder-ogg-theora: a1e56fd34408186e4bbccfd4996cb3dc -> 
  custom:container-muxer-webm: aa71ff27fc2769a1b78a27578f13a17b -> 
  custom:container-demuxer-webm: 4f35f7cbe854078d1ac9338744f61a02 -> 
  custom:container-demuxer-ogg: 62fdf1f143b41e24485cea50d1cbac27 -> 
  custom:video-encoder-webm-vp8: eb34c28f22e8b96e1ab97ce403110664 -> 
  custom:video-codec-MediaFoundation-h265: 746d11721c4dcdbdad8f713fa42b33f4 -> 
  custom:video-decoder-webm-vp8: 9c59270c3fd7afecdb556c50c9e8de78 -> 
  custom:audio-decoder-ogg-vorbis: bf7c407c2cedff20999df2af8eb42d56 -> 
  custom:audio-encoder-webm-vorbis: bf7c407c2cedff20999df2af8eb42d56 -> 
========================================================================
Received Prepare
Registering precompiled user dll's ...
Registered in 0.003549 seconds.
Begin MonoManager ReloadAssembly
Native extension for WindowsStandalone target not found
Native extension for WebGL target not found
Refreshing native plugins compatible for Editor in 0.47 ms, found 3 plugins.
Preloading 0 native plugins for Editor in 0.00 ms.
Mono: successfully reloaded assembly
- Completed reload, in  1.030 seconds
Domain Reload Profiling:
	ReloadAssembly (1030ms)
		BeginReloadAssembly (100ms)
			ExecutionOrderSort (0ms)
			DisableScriptedObjects (6ms)
			BackupInstance (0ms)
			ReleaseScriptingObjects (0ms)
			CreateAndSetChildDomain (31ms)
		EndReloadAssembly (858ms)
			LoadAssemblies (80ms)
			RebuildTransferFunctionScriptingTraits (0ms)
			SetupTypeCache (277ms)
			ReleaseScriptCaches (1ms)
			RebuildScriptCaches (45ms)
			SetupLoadedEditorAssemblies (345ms)
				LogAssemblyErrors (0ms)
				InitializePlatformSupportModulesInManaged (6ms)
				SetLoadedEditorAssemblies (0ms)
				RefreshPlugins (1ms)
				BeforeProcessingInitializeOnLoad (90ms)
				ProcessInitializeOnLoadAttributes (236ms)
				ProcessInitializeOnLoadMethodAttributes (5ms)
				AfterProcessingInitializeOnLoad (6ms)
				EditorAssembliesLoaded (0ms)
			ExecutionOrderSort2 (0ms)
			AwakeInstancesAfterBackupRestoration (10ms)
Platform modules already initialized, skipping
Refreshing native plugins compatible for Editor in 0.49 ms, found 3 plugins.
Preloading 0 native plugins for Editor in 0.00 ms.
Unloading 2082 Unused Serialized files (Serialized files now loaded: 0)
System memory in use before: 92.6 MB.
System memory in use after: 92.7 MB.

Unloading 16 unused Assets to reduce memory usage. Loaded Objects now: 2541.
Total: 2.972200 ms (FindLiveObjects: 0.181900 ms CreateObjectMapping: 0.065000 ms MarkObjects: 2.710800 ms  DeleteObjects: 0.013700 ms)

AssetImportParameters requested are different than current active one (requested -> active):
  custom:framework-win-MediaFoundation: 216162199b28c13a410421893ffa2e32 -> 
  custom:video-decoder-ogg-theora: a1e56fd34408186e4bbccfd4996cb3dc -> 
  custom:container-muxer-webm: aa71ff27fc2769a1b78a27578f13a17b -> 
  custom:container-demuxer-webm: 4f35f7cbe854078d1ac9338744f61a02 -> 
  custom:container-demuxer-ogg: 62fdf1f143b41e24485cea50d1cbac27 -> 
  custom:video-encoder-webm-vp8: eb34c28f22e8b96e1ab97ce403110664 -> 
  custom:video-codec-MediaFoundation-h265: 746d11721c4dcdbdad8f713fa42b33f4 -> 
  custom:video-decoder-webm-vp8: 9c59270c3fd7afecdb556c50c9e8de78 -> 
  custom:audio-decoder-ogg-vorbis: bf7c407c2cedff20999df2af8eb42d56 -> 
  custom:audio-encoder-webm-vorbis: bf7c407c2cedff20999df2af8eb42d56 -> 
========================================================================
Received Import Request.
  Time since last request: 26.944669 seconds.
  path: Assets/Scripts/CatController.cs
  artifactKey: Guid(d8c25adfb3a76fe47803a90b4e305fd3) Importer(815301076,1909f56bfc062723c751e8b465ee728b)
Start importing Assets/Scripts/CatController.cs using Guid(d8c25adfb3a76fe47803a90b4e305fd3) Importer(815301076,1909f56bfc062723c751e8b465ee728b)  -> (artifact id: '3761b2cc59c28bcc96032b254a2814a7') in 0.004316 seconds 
  Import took 0.006934 seconds .

========================================================================
Received Import Request.
  Time since last request: 66.859408 seconds.
  path: Assets/Sprites/Dead (1).png
  artifactKey: Guid(f9617b8a4cdbc064d9611f9ad88fc964) Importer(815301076,1909f56bfc062723c751e8b465ee728b)
Start importing Assets/Sprites/Dead (1).png using Guid(f9617b8a4cdbc064d9611f9ad88fc964) Importer(815301076,1909f56bfc062723c751e8b465ee728b)  -> (artifact id: '31fb448cc65f0c1e4d85631b92df5670') in 0.122652 seconds 
  Import took 0.128593 seconds .

========================================================================
Received Import Request.
  Time since last request: 0.000407 seconds.
  path: Assets/Sprites/Dead (9).png
  artifactKey: Guid(fcf38eaed74859d4a9de6e2b8124e095) Importer(815301076,1909f56bfc062723c751e8b465ee728b)
Start importing Assets/Sprites/Dead (9).png using Guid(fcf38eaed74859d4a9de6e2b8124e095) Importer(815301076,1909f56bfc062723c751e8b465ee728b)  -> (artifact id: '153ca74f74ee28001a8a2d80ae9284ba') in 0.018114 seconds 
  Import took 0.021913 seconds .

========================================================================
Received Import Request.
  Time since last request: 0.000313 seconds.
  path: Assets/Sprites/Hurt (1).png
  artifactKey: Guid(a828dfa2a64bd1845bd879580df5b672) Importer(815301076,1909f56bfc062723c751e8b465ee728b)
Start importing Assets/Sprites/Hurt (1).png using Guid(a828dfa2a64bd1845bd879580df5b672) Importer(815301076,1909f56bfc062723c751e8b465ee728b)  -> (artifact id: 'fe6b5ad99190378be3f35e2f0e17e093') in 0.020730 seconds 
  Import took 0.024611 seconds .

========================================================================
Received Import Request.
  Time since last request: 0.000270 seconds.
  path: Assets/Sprites/Run (1).png
  artifactKey: Guid(1f641c076b3770e4ebf97dc9ef0835e9) Importer(815301076,1909f56bfc062723c751e8b465ee728b)
Start importing Assets/Sprites/Run (1).png using Guid(1f641c076b3770e4ebf97dc9ef0835e9) Importer(815301076,1909f56bfc062723c751e8b465ee728b)  -> (artifact id: '26f62cc4734eb036f86fd10e5d67872b') in 0.023610 seconds 
  Import took 0.029117 seconds .

========================================================================
Received Import Request.
  Time since last request: 0.000341 seconds.
  path: Assets/Sprites/Hurt (7).png
  artifactKey: Guid(b1b1c3d6fd3648348ba16bde75d61167) Importer(815301076,1909f56bfc062723c751e8b465ee728b)
Start importing Assets/Sprites/Hurt (7).png using Guid(b1b1c3d6fd3648348ba16bde75d61167) Importer(815301076,1909f56bfc062723c751e8b465ee728b)  -> (artifact id: '16a4db0d81f1efbbeb2d3664ea0ea3a7') in 0.026366 seconds 
  Import took 0.030316 seconds .

========================================================================
Received Import Request.
  Time since last request: 0.000290 seconds.
  path: Assets/Sprites/Fall (3).png
  artifactKey: Guid(14743d5a237fb714faf3f86df1496e02) Importer(815301076,1909f56bfc062723c751e8b465ee728b)
Start importing Assets/Sprites/Fall (3).png using Guid(14743d5a237fb714faf3f86df1496e02) Importer(815301076,1909f56bfc062723c751e8b465ee728b)  -> (artifact id: '82274c46a7254d58f665cf2e0b895df3') in 0.029282 seconds 
  Import took 0.032766 seconds .

========================================================================
Received Import Request.
  Time since last request: 0.000254 seconds.
  path: Assets/Sprites/Run (8).png
  artifactKey: Guid(630b692b5bdc0424192f07ab0ce0208b) Importer(815301076,1909f56bfc062723c751e8b465ee728b)
Start importing Assets/Sprites/Run (8).png using Guid(630b692b5bdc0424192f07ab0ce0208b) Importer(815301076,1909f56bfc062723c751e8b465ee728b)  -> (artifact id: '789503999d53746fbeb68b34fea93896') in 0.021275 seconds 
  Import took 0.025691 seconds .

========================================================================
Received Import Request.
  Time since last request: 0.000389 seconds.
  path: Assets/Sprites/Fall (1).png
  artifactKey: Guid(e2fadabaedee56b4bb3e79a8d27e50d0) Importer(815301076,1909f56bfc062723c751e8b465ee728b)
Start importing Assets/Sprites/Fall (1).png using Guid(e2fadabaedee56b4bb3e79a8d27e50d0) Importer(815301076,1909f56bfc062723c751e8b465ee728b)  -> (artifact id: 'd480f16f63fc61fc1c10ae44c533275f') in 0.026462 seconds 
  Import took 0.030287 seconds .

========================================================================
Received Import Request.
  Time since last request: 0.000399 seconds.
  path: Assets/Sprites/Hurt (9).png
  artifactKey: Guid(78668ba566f9b4547b937011e31d4e96) Importer(815301076,1909f56bfc062723c751e8b465ee728b)
Start importing Assets/Sprites/Hurt (9).png using Guid(78668ba566f9b4547b937011e31d4e96) Importer(815301076,1909f56bfc062723c751e8b465ee728b)  -> (artifact id: 'afef6f582c392ccb7a6b65e3bc85a606') in 0.023141 seconds 
  Import took 0.027511 seconds .

========================================================================
Received Import Request.
  Time since last request: 0.000359 seconds.
  path: Assets/Sprites/Idle (2).png
  artifactKey: Guid(465dd617e80f15247b927a8e41ba4ba4) Importer(815301076,1909f56bfc062723c751e8b465ee728b)
Start importing Assets/Sprites/Idle (2).png using Guid(465dd617e80f15247b927a8e41ba4ba4) Importer(815301076,1909f56bfc062723c751e8b465ee728b)  -> (artifact id: 'a426aa09dc55c6946f1f8bccf2bc4622') in 0.017972 seconds 
  Import took 0.022625 seconds .

========================================================================
Received Import Request.
  Time since last request: 0.000385 seconds.
  path: Assets/Sprites/Dead (5).png
  artifactKey: Guid(5d9f507ef891f524d8d5364ebc97f531) Importer(815301076,1909f56bfc062723c751e8b465ee728b)
Start importing Assets/Sprites/Dead (5).png using Guid(5d9f507ef891f524d8d5364ebc97f531) Importer(815301076,1909f56bfc062723c751e8b465ee728b)  -> (artifact id: '0c41587ca67b153cfd2ff0ba8510df97') in 0.019405 seconds 
  Import took 0.023730 seconds .

========================================================================
Received Import Request.
  Time since last request: 0.000304 seconds.
  path: Assets/Sprites/Idle (4).png
  artifactKey: Guid(2e9ea787dd1a7bd42bde6eddab0560ea) Importer(815301076,1909f56bfc062723c751e8b465ee728b)
Start importing Assets/Sprites/Idle (4).png using Guid(2e9ea787dd1a7bd42bde6eddab0560ea) Importer(815301076,1909f56bfc062723c751e8b465ee728b)  -> (artifact id: '36422d2c293c0e81671b397103dbaafb') in 0.026086 seconds 
  Import took 0.030398 seconds .

========================================================================
Received Import Request.
  Time since last request: 0.000461 seconds.
  path: Assets/Sprites/Jump (7).png
  artifactKey: Guid(b9f636faba108a243bd07b2aa2d8958f) Importer(815301076,1909f56bfc062723c751e8b465ee728b)
Start importing Assets/Sprites/Jump (7).png using Guid(b9f636faba108a243bd07b2aa2d8958f) Importer(815301076,1909f56bfc062723c751e8b465ee728b)  -> (artifact id: 'a06aec2c46067e069d0c33f6da9ee013') in 0.022945 seconds 
  Import took 0.026938 seconds .

========================================================================
Received Import Request.
  Time since last request: 0.000409 seconds.
  path: Assets/Sprites/Dead (2).png
  artifactKey: Guid(d6aedc5580028d64ea2f290f124d8fe8) Importer(815301076,1909f56bfc062723c751e8b465ee728b)
Start importing Assets/Sprites/Dead (2).png using Guid(d6aedc5580028d64ea2f290f124d8fe8) Importer(815301076,1909f56bfc062723c751e8b465ee728b)  -> (artifact id: '8aa382bc538c584807201822603c19a4') in 0.021977 seconds 
  Import took 0.025509 seconds .

========================================================================
Received Import Request.
  Time since last request: 0.000208 seconds.
  path: Assets/Sprites/Jump (8).png
  artifactKey: Guid(3adf5a9ab8f966d4ba11f40c57ec5e86) Importer(815301076,1909f56bfc062723c751e8b465ee728b)
Start importing Assets/Sprites/Jump (8).png using Guid(3adf5a9ab8f966d4ba11f40c57ec5e86) Importer(815301076,1909f56bfc062723c751e8b465ee728b)  -> (artifact id: '1c1c282017739966125633fe145f5cc1') in 0.024205 seconds 
  Import took 0.027694 seconds .

========================================================================
Received Import Request.
  Time since last request: 0.000276 seconds.
  path: Assets/Sprites/Jump (1).png
  artifactKey: Guid(48c907db1fa381d449f97f42b3ba2c50) Importer(815301076,1909f56bfc062723c751e8b465ee728b)
Start importing Assets/Sprites/Jump (1).png using Guid(48c907db1fa381d449f97f42b3ba2c50) Importer(815301076,1909f56bfc062723c751e8b465ee728b)  -> (artifact id: '42e32bd646a66de3914826d2094de92f') in 0.022146 seconds 
  Import took 0.026077 seconds .

========================================================================
Received Import Request.
  Time since last request: 0.000206 seconds.
  path: Assets/Sprites/Run (2).png
  artifactKey: Guid(d7c47a506f59eeb49b310f8830524ea9) Importer(815301076,1909f56bfc062723c751e8b465ee728b)
Start importing Assets/Sprites/Run (2).png using Guid(d7c47a506f59eeb49b310f8830524ea9) Importer(815301076,1909f56bfc062723c751e8b465ee728b)  -> (artifact id: '9d811c29eb746a59c2e8bf715afa6485') in 0.021084 seconds 
  Import took 0.025727 seconds .

========================================================================
Received Import Request.
  Time since last request: 0.000227 seconds.
  path: Assets/Sprites/Fall (2).png
  artifactKey: Guid(d1df59ecb43dfdb47a317b5b6426d6ce) Importer(815301076,1909f56bfc062723c751e8b465ee728b)
Start importing Assets/Sprites/Fall (2).png using Guid(d1df59ecb43dfdb47a317b5b6426d6ce) Importer(815301076,1909f56bfc062723c751e8b465ee728b)  -> (artifact id: '9fb638e71c9c7f8d5272a5c94ac1168a') in 0.019021 seconds 
  Import took 0.022479 seconds .

========================================================================
Received Import Request.
  Time since last request: 0.000193 seconds.
  path: Assets/Sprites/Hurt (4).png
  artifactKey: Guid(9cb128a9a8820ad4793031bcfdc09266) Importer(815301076,1909f56bfc062723c751e8b465ee728b)
Start importing Assets/Sprites/Hurt (4).png using Guid(9cb128a9a8820ad4793031bcfdc09266) Importer(815301076,1909f56bfc062723c751e8b465ee728b)  -> (artifact id: 'b06516568a613c76a78e0137a709d1d5') in 0.019649 seconds 
  Import took 0.023160 seconds .

========================================================================
Received Import Request.
  Time since last request: 0.000229 seconds.
  path: Assets/Sprites/Idle (8).png
  artifactKey: Guid(dadc08ed78fdd89458f5cd9c85444f47) Importer(815301076,1909f56bfc062723c751e8b465ee728b)
Start importing Assets/Sprites/Idle (8).png using Guid(dadc08ed78fdd89458f5cd9c85444f47) Importer(815301076,1909f56bfc062723c751e8b465ee728b)  -> (artifact id: 'fbfd6e1230e7548911b3cb66fa4d78cc') in 0.019840 seconds 
  Import took 0.023254 seconds .

========================================================================
Received Import Request.
  Time since last request: 0.000429 seconds.
  path: Assets/Sprites/Fall (6).png
  artifactKey: Guid(866215d6933d47044888faa0477be157) Importer(815301076,1909f56bfc062723c751e8b465ee728b)
Start importing Assets/Sprites/Fall (6).png using Guid(866215d6933d47044888faa0477be157) Importer(815301076,1909f56bfc062723c751e8b465ee728b)  -> (artifact id: '2209f07ec863795667ee4b18b37efe8f') in 0.020355 seconds 
  Import took 0.024517 seconds .

========================================================================
Received Import Request.
  Time since last request: 0.000190 seconds.
  path: Assets/Sprites/Jump (4).png
  artifactKey: Guid(e8f50ff7928bbaa4abf3992e5f951306) Importer(815301076,1909f56bfc062723c751e8b465ee728b)
Start importing Assets/Sprites/Jump (4).png using Guid(e8f50ff7928bbaa4abf3992e5f951306) Importer(815301076,1909f56bfc062723c751e8b465ee728b)  -> (artifact id: 'ebae6b0bbfb780388dbbd5dd34398fa6') in 0.021585 seconds 
  Import took 0.025282 seconds .

========================================================================
Received Import Request.
  Time since last request: 0.000179 seconds.
  path: Assets/Sprites/Run (4).png
  artifactKey: Guid(e3e8aa9ce757f3740ad4c9a6d6aa28ee) Importer(815301076,1909f56bfc062723c751e8b465ee728b)
Start importing Assets/Sprites/Run (4).png using Guid(e3e8aa9ce757f3740ad4c9a6d6aa28ee) Importer(815301076,1909f56bfc062723c751e8b465ee728b)  -> (artifact id: '6f0da8aaa40cb34a18ca04807099f831') in 0.024923 seconds 
  Import took 0.028505 seconds .

========================================================================
Received Import Request.
  Time since last request: 0.000160 seconds.
  path: Assets/Sprites/Idle (5).png
  artifactKey: Guid(1a47f20e8a212e04cad0a14d22c9b236) Importer(815301076,1909f56bfc062723c751e8b465ee728b)
Start importing Assets/Sprites/Idle (5).png using Guid(1a47f20e8a212e04cad0a14d22c9b236) Importer(815301076,1909f56bfc062723c751e8b465ee728b)  -> (artifact id: 'a1775d5cd43b208dcd5a62d514402bf4') in 0.026683 seconds 
  Import took 0.030281 seconds .

========================================================================
Received Import Request.
  Time since last request: 0.000195 seconds.
  path: Assets/Sprites/Fall (5).png
  artifactKey: Guid(b3116ac6ba9bf16468e430562321846a) Importer(815301076,1909f56bfc062723c751e8b465ee728b)
Start importing Assets/Sprites/Fall (5).png using Guid(b3116ac6ba9bf16468e430562321846a) Importer(815301076,1909f56bfc062723c751e8b465ee728b)  -> (artifact id: '9677e75cbc51e4469a8807d43b10baf0') in 0.027837 seconds 
  Import took 0.031735 seconds .

========================================================================
Received Import Request.
  Time since last request: 0.000288 seconds.
  path: Assets/Sprites/Idle (9).png
  artifactKey: Guid(6d7e459b35300654ea921da23dbbd356) Importer(815301076,1909f56bfc062723c751e8b465ee728b)
Start importing Assets/Sprites/Idle (9).png using Guid(6d7e459b35300654ea921da23dbbd356) Importer(815301076,1909f56bfc062723c751e8b465ee728b)  -> (artifact id: 'be77a37e3bd759d66f7e378530834df3') in 0.019514 seconds 
  Import took 0.022892 seconds .

========================================================================
Received Import Request.
  Time since last request: 0.000246 seconds.
  path: Assets/Sprites/Dead (4).png
  artifactKey: Guid(af76d45a6c030714783595aeabd837ac) Importer(815301076,1909f56bfc062723c751e8b465ee728b)
Start importing Assets/Sprites/Dead (4).png using Guid(af76d45a6c030714783595aeabd837ac) Importer(815301076,1909f56bfc062723c751e8b465ee728b)  -> (artifact id: '8a89ee5fe1b68aa8ab67ec95c8b4da6b') in 0.021821 seconds 
  Import took 0.025985 seconds .

========================================================================
Received Import Request.
  Time since last request: 0.000217 seconds.
  path: Assets/Sprites/Hurt (3).png
  artifactKey: Guid(5ab6ac2e14ccbd648bc12d607c6e0563) Importer(815301076,1909f56bfc062723c751e8b465ee728b)
Start importing Assets/Sprites/Hurt (3).png using Guid(5ab6ac2e14ccbd648bc12d607c6e0563) Importer(815301076,1909f56bfc062723c751e8b465ee728b)  -> (artifact id: 'cafd729ad4c0575d8c0fac8945e02341') in 0.019348 seconds 
  Import took 0.023030 seconds .

========================================================================
Received Import Request.
  Time since last request: 0.000223 seconds.
  path: Assets/Sprites/Jump (6).png
  artifactKey: Guid(5e95d7a4feb73ab4ea6b7f5a2486a434) Importer(815301076,1909f56bfc062723c751e8b465ee728b)
Start importing Assets/Sprites/Jump (6).png using Guid(5e95d7a4feb73ab4ea6b7f5a2486a434) Importer(815301076,1909f56bfc062723c751e8b465ee728b)  -> (artifact id: '7206fff005474309421b55cd7a43c0db') in 0.028706 seconds 
  Import took 0.032695 seconds .

========================================================================
Received Import Request.
  Time since last request: 0.000213 seconds.
  path: Assets/Sprites/Dead (3).png
  artifactKey: Guid(8b60cb47a830c8240adc81d0bd85da52) Importer(815301076,1909f56bfc062723c751e8b465ee728b)
Start importing Assets/Sprites/Dead (3).png using Guid(8b60cb47a830c8240adc81d0bd85da52) Importer(815301076,1909f56bfc062723c751e8b465ee728b)  -> (artifact id: 'f4e569440cfb7ef0e98d700c42ed8d7d') in 0.020946 seconds 
  Import took 0.025694 seconds .

========================================================================
Received Import Request.
  Time since last request: 0.000187 seconds.
  path: Assets/Sprites/Fall (7).png
  artifactKey: Guid(a68ebace6d2007248ad9a286fe591783) Importer(815301076,1909f56bfc062723c751e8b465ee728b)
Start importing Assets/Sprites/Fall (7).png using Guid(a68ebace6d2007248ad9a286fe591783) Importer(815301076,1909f56bfc062723c751e8b465ee728b)  -> (artifact id: '15fbd39cf3c8b2cb8aa68e58c26ef282') in 0.022011 seconds 
  Import took 0.025489 seconds .

========================================================================
Received Import Request.
  Time since last request: 0.000208 seconds.
  path: Assets/Sprites/Run (5).png
  artifactKey: Guid(cc4a309667090bf4d8ced308308fc0ea) Importer(815301076,1909f56bfc062723c751e8b465ee728b)
Start importing Assets/Sprites/Run (5).png using Guid(cc4a309667090bf4d8ced308308fc0ea) Importer(815301076,1909f56bfc062723c751e8b465ee728b)  -> (artifact id: 'c965585a591a939749f3532d74eedb12') in 0.022649 seconds 
  Import took 0.026492 seconds .

========================================================================
Received Import Request.
  Time since last request: 0.000250 seconds.
  path: Assets/Sprites/Idle (1).png
  artifactKey: Guid(8d8fd128bf67d2f459516fe5894b3df6) Importer(815301076,1909f56bfc062723c751e8b465ee728b)
Start importing Assets/Sprites/Idle (1).png using Guid(8d8fd128bf67d2f459516fe5894b3df6) Importer(815301076,1909f56bfc062723c751e8b465ee728b)  -> (artifact id: '126790a79fcd15e60f797ff9cd649fe4') in 0.015566 seconds 
  Import took 0.018561 seconds .

========================================================================
Received Import Request.
  Time since last request: 0.000257 seconds.
  path: Assets/Sprites/Dead (6).png
  artifactKey: Guid(f81f5dbf9c766a04abde19ab56fb2e6f) Importer(815301076,1909f56bfc062723c751e8b465ee728b)
Start importing Assets/Sprites/Dead (6).png using Guid(f81f5dbf9c766a04abde19ab56fb2e6f) Importer(815301076,1909f56bfc062723c751e8b465ee728b)  -> (artifact id: 'c4738fc5bf61b35048e6fd06d1f4a37d') in 0.014591 seconds 
  Import took 0.017327 seconds .

========================================================================
Received Import Request.
  Time since last request: 0.000187 seconds.
  path: Assets/Sprites/Idle (7).png
  artifactKey: Guid(d4006282b34062d469e4ff22cf301d73) Importer(815301076,1909f56bfc062723c751e8b465ee728b)
Start importing Assets/Sprites/Idle (7).png using Guid(d4006282b34062d469e4ff22cf301d73) Importer(815301076,1909f56bfc062723c751e8b465ee728b)  -> (artifact id: 'd6269df8d77e9257c56e309471f35d5e') in 0.014446 seconds 
  Import took 0.017152 seconds .

========================================================================
Received Import Request.
  Time since last request: 0.000255 seconds.
  path: Assets/Sprites/Run (3).png
  artifactKey: Guid(ce6c0381f52c93d4a936a3c2edce75fd) Importer(815301076,1909f56bfc062723c751e8b465ee728b)
Start importing Assets/Sprites/Run (3).png using Guid(ce6c0381f52c93d4a936a3c2edce75fd) Importer(815301076,1909f56bfc062723c751e8b465ee728b)  -> (artifact id: '8ad76b9fb89bb31acbd85b6db52976f5') in 0.025964 seconds 
  Import took 0.029400 seconds .

========================================================================
Received Import Request.
  Time since last request: 0.000319 seconds.
  path: Assets/Sprites/Jump (3).png
  artifactKey: Guid(5c6f9fc425c020c4b8d50b474d8e0353) Importer(815301076,1909f56bfc062723c751e8b465ee728b)
Start importing Assets/Sprites/Jump (3).png using Guid(5c6f9fc425c020c4b8d50b474d8e0353) Importer(815301076,1909f56bfc062723c751e8b465ee728b)  -> (artifact id: 'b6d3269fa944d0e1b0d33a212187acd3') in 0.015386 seconds 
  Import took 0.018554 seconds .

========================================================================
Received Import Request.
  Time since last request: 0.000279 seconds.
  path: Assets/Sprites/Run (6).png
  artifactKey: Guid(43de65c92a1cbab4bb612e7f9e14880d) Importer(815301076,1909f56bfc062723c751e8b465ee728b)
Start importing Assets/Sprites/Run (6).png using Guid(43de65c92a1cbab4bb612e7f9e14880d) Importer(815301076,1909f56bfc062723c751e8b465ee728b)  -> (artifact id: 'e732f36808e4946777d64dc36aafa70b') in 0.022801 seconds 
  Import took 0.026436 seconds .

========================================================================
Received Import Request.
  Time since last request: 0.000448 seconds.
  path: Assets/Sprites/Hurt (2).png
  artifactKey: Guid(d3b070ab9afdcf743a4a6dd002041193) Importer(815301076,1909f56bfc062723c751e8b465ee728b)
Start importing Assets/Sprites/Hurt (2).png using Guid(d3b070ab9afdcf743a4a6dd002041193) Importer(815301076,1909f56bfc062723c751e8b465ee728b)  -> (artifact id: '760c42f5bec3162bcba14911957bbabf') in 0.024056 seconds 
  Import took 0.027597 seconds .

========================================================================
Received Import Request.
  Time since last request: 0.000349 seconds.
  path: Assets/Sprites/Dead (8).png
  artifactKey: Guid(d24de46e2a6ce9347acf4ea3d35ffc17) Importer(815301076,1909f56bfc062723c751e8b465ee728b)
Start importing Assets/Sprites/Dead (8).png using Guid(d24de46e2a6ce9347acf4ea3d35ffc17) Importer(815301076,1909f56bfc062723c751e8b465ee728b)  -> (artifact id: 'c7c54ea8c2a7c7626f38a6fd0254ccde') in 0.024711 seconds 
  Import took 0.028758 seconds .

========================================================================
Received Import Request.
  Time since last request: 0.000278 seconds.
  path: Assets/Sprites/Hurt (6).png
  artifactKey: Guid(30a67414262c85046b04d1b9068e32fe) Importer(815301076,1909f56bfc062723c751e8b465ee728b)
Start importing Assets/Sprites/Hurt (6).png using Guid(30a67414262c85046b04d1b9068e32fe) Importer(815301076,1909f56bfc062723c751e8b465ee728b)  -> (artifact id: '14a0a55dac9edfd06e7b15d117c45ced') in 0.029196 seconds 
  Import took 0.033033 seconds .

========================================================================
Received Import Request.
  Time since last request: 0.000275 seconds.
  path: Assets/Sprites/Hurt (10).png
  artifactKey: Guid(c3536224ec9deaf46ae8e112be23cd73) Importer(815301076,1909f56bfc062723c751e8b465ee728b)
Start importing Assets/Sprites/Hurt (10).png using Guid(c3536224ec9deaf46ae8e112be23cd73) Importer(815301076,1909f56bfc062723c751e8b465ee728b)  -> (artifact id: '4a03af3b425e30ce3357969092c1f410') in 0.023633 seconds 
  Import took 0.028344 seconds .

========================================================================
Received Import Request.
  Time since last request: 0.000283 seconds.
  path: Assets/Sprites/Hurt (8).png
  artifactKey: Guid(8bc8b0f8d78b2f14592e2e6b1380ebea) Importer(815301076,1909f56bfc062723c751e8b465ee728b)
Start importing Assets/Sprites/Hurt (8).png using Guid(8bc8b0f8d78b2f14592e2e6b1380ebea) Importer(815301076,1909f56bfc062723c751e8b465ee728b)  -> (artifact id: '2873752a22ebbfbd63742b85f056c3dc') in 0.022141 seconds 
  Import took 0.027017 seconds .

========================================================================
Received Import Request.
  Time since last request: 0.000219 seconds.
  path: Assets/Sprites/Slide (1).png
  artifactKey: Guid(fc79c49e27882204c890893405192d32) Importer(815301076,1909f56bfc062723c751e8b465ee728b)
Start importing Assets/Sprites/Slide (1).png using Guid(fc79c49e27882204c890893405192d32) Importer(815301076,1909f56bfc062723c751e8b465ee728b)  -> (artifact id: 'a933e5cf9da99fd275ecc35c20962ca3') in 0.021422 seconds 
  Import took 0.026938 seconds .

========================================================================
Received Import Request.
  Time since last request: 0.000231 seconds.
  path: Assets/Sprites/Fall (8).png
  artifactKey: Guid(c6f820d87f6a2ac48a716035a5e07699) Importer(815301076,1909f56bfc062723c751e8b465ee728b)
Start importing Assets/Sprites/Fall (8).png using Guid(c6f820d87f6a2ac48a716035a5e07699) Importer(815301076,1909f56bfc062723c751e8b465ee728b)  -> (artifact id: 'c69163ccd6bf8d59ad68bac70bdb7c8a') in 0.019496 seconds 
  Import took 0.024484 seconds .

========================================================================
Received Import Request.
  Time since last request: 0.000400 seconds.
  path: Assets/Sprites/Dead (10).png
  artifactKey: Guid(f118fe638da845c4bb96da3dd2788eb0) Importer(815301076,1909f56bfc062723c751e8b465ee728b)
Start importing Assets/Sprites/Dead (10).png using Guid(f118fe638da845c4bb96da3dd2788eb0) Importer(815301076,1909f56bfc062723c751e8b465ee728b)  -> (artifact id: '9841ae977ceb16f2473ec08076aaadf2') in 0.024570 seconds 
  Import took 0.028901 seconds .

========================================================================
Received Import Request.
  Time since last request: 0.000298 seconds.
  path: Assets/Sprites/Fall (4).png
  artifactKey: Guid(97838b07c7a73ae4999b24f4791b7d35) Importer(815301076,1909f56bfc062723c751e8b465ee728b)
Start importing Assets/Sprites/Fall (4).png using Guid(97838b07c7a73ae4999b24f4791b7d35) Importer(815301076,1909f56bfc062723c751e8b465ee728b)  -> (artifact id: 'b21da37d240497e17d5d6d4c8d030d55') in 0.025262 seconds 
  Import took 0.029524 seconds .

========================================================================
Received Import Request.
  Time since last request: 0.000247 seconds.
  path: Assets/Sprites/Jump (2).png
  artifactKey: Guid(dafacca34ffceae498eb68f685c77d44) Importer(815301076,1909f56bfc062723c751e8b465ee728b)
Start importing Assets/Sprites/Jump (2).png using Guid(dafacca34ffceae498eb68f685c77d44) Importer(815301076,1909f56bfc062723c751e8b465ee728b)  -> (artifact id: 'bf31ec5971d3c8003e4aa6bf5c757686') in 0.021004 seconds 
  Import took 0.025710 seconds .

========================================================================
Received Import Request.
  Time since last request: 0.000209 seconds.
  path: Assets/Sprites/Run (7).png
  artifactKey: Guid(fb4f1500752b2d5409358f574ef60999) Importer(815301076,1909f56bfc062723c751e8b465ee728b)
Start importing Assets/Sprites/Run (7).png using Guid(fb4f1500752b2d5409358f574ef60999) Importer(815301076,1909f56bfc062723c751e8b465ee728b)  -> (artifact id: 'cb0098d750cc6c245819329a76895c2d') in 0.015312 seconds 
  Import took 0.018832 seconds .

========================================================================
Received Import Request.
  Time since last request: 0.000205 seconds.
  path: Assets/Sprites/Jump (5).png
  artifactKey: Guid(b6f9d2260917de349a0bf366bda52379) Importer(815301076,1909f56bfc062723c751e8b465ee728b)
Start importing Assets/Sprites/Jump (5).png using Guid(b6f9d2260917de349a0bf366bda52379) Importer(815301076,1909f56bfc062723c751e8b465ee728b)  -> (artifact id: 'aee309d127d13623dd48d2d3a3a2bacc') in 0.015024 seconds 
  Import took 0.018118 seconds .

========================================================================
Received Import Request.
  Time since last request: 0.000233 seconds.
  path: Assets/Sprites/Idle (6).png
  artifactKey: Guid(ad7824cc2a4cedc40a66040ab602b659) Importer(815301076,1909f56bfc062723c751e8b465ee728b)
Start importing Assets/Sprites/Idle (6).png using Guid(ad7824cc2a4cedc40a66040ab602b659) Importer(815301076,1909f56bfc062723c751e8b465ee728b)  -> (artifact id: '2963b022ac801952407c9d176287f684') in 0.106450 seconds 
  Import took 0.110090 seconds .

========================================================================
Received Import Request.
  Time since last request: 0.000341 seconds.
  path: Assets/Sprites/Slide (2).png
  artifactKey: Guid(c822e4ceab8b09a44b5bade9c25fb919) Importer(815301076,1909f56bfc062723c751e8b465ee728b)
Start importing Assets/Sprites/Slide (2).png using Guid(c822e4ceab8b09a44b5bade9c25fb919) Importer(815301076,1909f56bfc062723c751e8b465ee728b)  -> (artifact id: '528c64da3d1ab91660838abf7a172654') in 0.021906 seconds 
  Import took 0.024764 seconds .

========================================================================
Received Import Request.
  Time since last request: 0.000304 seconds.
  path: Assets/Sprites/Idle (3).png
  artifactKey: Guid(7a6f12dd7dd01154c98269cd5590f9d9) Importer(815301076,1909f56bfc062723c751e8b465ee728b)
Start importing Assets/Sprites/Idle (3).png using Guid(7a6f12dd7dd01154c98269cd5590f9d9) Importer(815301076,1909f56bfc062723c751e8b465ee728b)  -> (artifact id: 'e62255e52f16cac280523fd0fe1063a2') in 0.017232 seconds 
  Import took 0.019899 seconds .

========================================================================
Received Import Request.
  Time since last request: 0.000344 seconds.
  path: Assets/Sprites/Dead (7).png
  artifactKey: Guid(cb736cbcd2820584abfe3592c036a6c0) Importer(815301076,1909f56bfc062723c751e8b465ee728b)
Start importing Assets/Sprites/Dead (7).png using Guid(cb736cbcd2820584abfe3592c036a6c0) Importer(815301076,1909f56bfc062723c751e8b465ee728b)  -> (artifact id: 'fc9f558bb250f3c49862b7fb8fd30251') in 0.015782 seconds 
  Import took 0.018451 seconds .

========================================================================
Received Import Request.
  Time since last request: 0.000295 seconds.
  path: Assets/Sprites/Idle (10).png
  artifactKey: Guid(342601c49e7176545947895dfef19e7a) Importer(815301076,1909f56bfc062723c751e8b465ee728b)
Start importing Assets/Sprites/Idle (10).png using Guid(342601c49e7176545947895dfef19e7a) Importer(815301076,1909f56bfc062723c751e8b465ee728b)  -> (artifact id: '8509b70293fb93f1ff7c20ea26612a1b') in 0.018061 seconds 
  Import took 0.020972 seconds .

========================================================================
Received Import Request.
  Time since last request: 0.000259 seconds.
  path: Assets/Sprites/Hurt (5).png
  artifactKey: Guid(75d6ae9a14518da4782d74df61a84930) Importer(815301076,1909f56bfc062723c751e8b465ee728b)
Start importing Assets/Sprites/Hurt (5).png using Guid(75d6ae9a14518da4782d74df61a84930) Importer(815301076,1909f56bfc062723c751e8b465ee728b)  -> (artifact id: '7c1e4c3236f34ac84c2cf5a287ce9c50') in 0.023794 seconds 
  Import took 0.027733 seconds .

========================================================================
Received Import Request.
  Time since last request: 0.915375 seconds.
  path: Assets/Sprites/Slide (3).png
  artifactKey: Guid(b350a399d67188c47a01130285a4a49d) Importer(815301076,1909f56bfc062723c751e8b465ee728b)
Start importing Assets/Sprites/Slide (3).png using Guid(b350a399d67188c47a01130285a4a49d) Importer(815301076,1909f56bfc062723c751e8b465ee728b)  -> (artifact id: 'f18dd39b6b0ee56dfb5be3462a154f7e') in 0.015634 seconds 
  Import took 0.020067 seconds .

========================================================================
Received Import Request.
  Time since last request: 0.000278 seconds.
  path: Assets/Sprites/Slide (10).png
  artifactKey: Guid(aec95ca75de7385479acb81f1ebb8fc9) Importer(815301076,1909f56bfc062723c751e8b465ee728b)
Start importing Assets/Sprites/Slide (10).png using Guid(aec95ca75de7385479acb81f1ebb8fc9) Importer(815301076,1909f56bfc062723c751e8b465ee728b)  -> (artifact id: '0de94b79ccf2f363becc15f0905a3b95') in 0.018050 seconds 
  Import took 0.021612 seconds .

========================================================================
Received Import Request.
  Time since last request: 0.000303 seconds.
  path: Assets/Sprites/Walk (1).png
  artifactKey: Guid(7ef05b2aefc5d9d439f0ab144b8067c8) Importer(815301076,1909f56bfc062723c751e8b465ee728b)
Start importing Assets/Sprites/Walk (1).png using Guid(7ef05b2aefc5d9d439f0ab144b8067c8) Importer(815301076,1909f56bfc062723c751e8b465ee728b)  -> (artifact id: '87b9bbbf21fe59ade307a9939d5fcd88') in 0.024590 seconds 
  Import took 0.030499 seconds .

========================================================================
Received Import Request.
  Time since last request: 0.000305 seconds.
  path: Assets/Sprites/Slide (7).png
  artifactKey: Guid(81124a6168c9b3f499293d10ee1d9fbd) Importer(815301076,1909f56bfc062723c751e8b465ee728b)
Start importing Assets/Sprites/Slide (7).png using Guid(81124a6168c9b3f499293d10ee1d9fbd) Importer(815301076,1909f56bfc062723c751e8b465ee728b)  -> (artifact id: 'ab81138c83df89304f117126e7e54927') in 0.027313 seconds 
  Import took 0.032336 seconds .

========================================================================
Received Import Request.
  Time since last request: 0.000264 seconds.
  path: Assets/Sprites/Slide (6).png
  artifactKey: Guid(cf660416e721b1e4b8e11d60f6c0484a) Importer(815301076,1909f56bfc062723c751e8b465ee728b)
Start importing Assets/Sprites/Slide (6).png using Guid(cf660416e721b1e4b8e11d60f6c0484a) Importer(815301076,1909f56bfc062723c751e8b465ee728b)  -> (artifact id: '378f41e3089ce408b7d98abd841e3bc7') in 0.022680 seconds 
  Import took 0.027479 seconds .

========================================================================
Received Import Request.
  Time since last request: 0.000415 seconds.
  path: Assets/Sprites/Slide (9).png
  artifactKey: Guid(415d10355dc70f340a722e1a4832e8ea) Importer(815301076,1909f56bfc062723c751e8b465ee728b)
Start importing Assets/Sprites/Slide (9).png using Guid(415d10355dc70f340a722e1a4832e8ea) Importer(815301076,1909f56bfc062723c751e8b465ee728b)  -> (artifact id: 'ed99185d7bb8d69ca74ee3a1f96e7f1a') in 0.027057 seconds 
  Import took 0.031458 seconds .

========================================================================
Received Import Request.
  Time since last request: 0.000350 seconds.
  path: Assets/Sprites/Walk (3).png
  artifactKey: Guid(4b3d9d2eccd03ae44baa447b05e873aa) Importer(815301076,1909f56bfc062723c751e8b465ee728b)
Start importing Assets/Sprites/Walk (3).png using Guid(4b3d9d2eccd03ae44baa447b05e873aa) Importer(815301076,1909f56bfc062723c751e8b465ee728b)  -> (artifact id: '4d56809be9bf0b124fc0580571781d59') in 0.024800 seconds 
  Import took 0.028600 seconds .

========================================================================
Received Import Request.
  Time since last request: 0.000212 seconds.
  path: Assets/Sprites/Slide (4).png
  artifactKey: Guid(eac6e476c18f9e948a4b9ce54c9cd6a2) Importer(815301076,1909f56bfc062723c751e8b465ee728b)
Start importing Assets/Sprites/Slide (4).png using Guid(eac6e476c18f9e948a4b9ce54c9cd6a2) Importer(815301076,1909f56bfc062723c751e8b465ee728b)  -> (artifact id: '8e7019c71f764f54d0311229c467f6ae') in 0.018551 seconds 
  Import took 0.021781 seconds .

========================================================================
Received Import Request.
  Time since last request: 0.000192 seconds.
  path: Assets/Sprites/Slide (5).png
  artifactKey: Guid(3974bd818aa28e448bba0430c6b4d430) Importer(815301076,1909f56bfc062723c751e8b465ee728b)
Start importing Assets/Sprites/Slide (5).png using Guid(3974bd818aa28e448bba0430c6b4d430) Importer(815301076,1909f56bfc062723c751e8b465ee728b)  -> (artifact id: '8e1e8bc5913f61a34ce751558ea58a98') in 0.031561 seconds 
  Import took 0.039973 seconds .

========================================================================
Received Import Request.
  Time since last request: 0.000277 seconds.
  path: Assets/Sprites/Slide (8).png
  artifactKey: Guid(295542ec59ccd854796a6cf8b724ba4e) Importer(815301076,1909f56bfc062723c751e8b465ee728b)
Start importing Assets/Sprites/Slide (8).png using Guid(295542ec59ccd854796a6cf8b724ba4e) Importer(815301076,1909f56bfc062723c751e8b465ee728b)  -> (artifact id: '17f2ce733043e4e18c0996f5a04b6eb2') in 0.031854 seconds 
  Import took 0.037267 seconds .

========================================================================
Received Import Request.
  Time since last request: 0.000297 seconds.
  path: Assets/Sprites/Walk (2).png
  artifactKey: Guid(c0178d1304c1ae142882d35ae7da7ccc) Importer(815301076,1909f56bfc062723c751e8b465ee728b)
Start importing Assets/Sprites/Walk (2).png using Guid(c0178d1304c1ae142882d35ae7da7ccc) Importer(815301076,1909f56bfc062723c751e8b465ee728b)  -> (artifact id: '4cc0b3fa52c188d36034a040125bda02') in 0.030673 seconds 
  Import took 0.036346 seconds .

========================================================================
Received Import Request.
  Time since last request: 8.079961 seconds.
  path: Assets/Sprites/Walk (4).png
  artifactKey: Guid(b8f030c664d887d47855a9a8590cc57e) Importer(815301076,1909f56bfc062723c751e8b465ee728b)
Start importing Assets/Sprites/Walk (4).png using Guid(b8f030c664d887d47855a9a8590cc57e) Importer(815301076,1909f56bfc062723c751e8b465ee728b)  -> (artifact id: '2287aacf9187d068b7da27c4e9ab8735') in 0.017114 seconds 
  Import took 0.020995 seconds .

========================================================================
Received Import Request.
  Time since last request: 0.000274 seconds.
  path: Assets/Sprites/Walk (5).png
  artifactKey: Guid(aac51bd26d49a9a44a98e40cb8b20152) Importer(815301076,1909f56bfc062723c751e8b465ee728b)
Start importing Assets/Sprites/Walk (5).png using Guid(aac51bd26d49a9a44a98e40cb8b20152) Importer(815301076,1909f56bfc062723c751e8b465ee728b)  -> (artifact id: 'b490a801282d36663fd5cd611a7fcd03') in 0.019185 seconds 
  Import took 0.022529 seconds .

========================================================================
Received Import Request.
  Time since last request: 0.000380 seconds.
  path: Assets/Sprites/Walk (10).png
  artifactKey: Guid(61431e8e2ba0a664daf19e7765a426ff) Importer(815301076,1909f56bfc062723c751e8b465ee728b)
Start importing Assets/Sprites/Walk (10).png using Guid(61431e8e2ba0a664daf19e7765a426ff) Importer(815301076,1909f56bfc062723c751e8b465ee728b)  -> (artifact id: '44d5385fa1149a7d37e127dd18a6b3b2') in 0.022218 seconds 
  Import took 0.026779 seconds .

========================================================================
Received Import Request.
  Time since last request: 0.000271 seconds.
  path: Assets/Sprites/Walk (8).png
  artifactKey: Guid(b5ab025db0f60ba49ba2a69ffc3781ed) Importer(815301076,1909f56bfc062723c751e8b465ee728b)
Start importing Assets/Sprites/Walk (8).png using Guid(b5ab025db0f60ba49ba2a69ffc3781ed) Importer(815301076,1909f56bfc062723c751e8b465ee728b)  -> (artifact id: '615e7d2d8c79f0626c5d724f6849a5b9') in 0.022013 seconds 
  Import took 0.025607 seconds .

========================================================================
Received Import Request.
  Time since last request: 0.000194 seconds.
  path: Assets/Sprites/Walk (7).png
  artifactKey: Guid(7eb2d488f9d4ad54d8c63ce6f86d7ba6) Importer(815301076,1909f56bfc062723c751e8b465ee728b)
Start importing Assets/Sprites/Walk (7).png using Guid(7eb2d488f9d4ad54d8c63ce6f86d7ba6) Importer(815301076,1909f56bfc062723c751e8b465ee728b)  -> (artifact id: '5b02fadd56453572069e7b3da797b7cd') in 0.021019 seconds 
  Import took 0.025549 seconds .

========================================================================
Received Import Request.
  Time since last request: 0.000360 seconds.
  path: Assets/Sprites/Walk (6).png
  artifactKey: Guid(461a21975603a2f4db63d67a74e48c54) Importer(815301076,1909f56bfc062723c751e8b465ee728b)
Start importing Assets/Sprites/Walk (6).png using Guid(461a21975603a2f4db63d67a74e48c54) Importer(815301076,1909f56bfc062723c751e8b465ee728b)  -> (artifact id: '9262d6a6fe3f7b087343809fc5780e3b') in 0.025837 seconds 
  Import took 0.030449 seconds .

========================================================================
Received Import Request.
  Time since last request: 0.000265 seconds.
  path: Assets/Sprites/Walk (9).png
  artifactKey: Guid(e4c8ce98cf75b4a4d94447ff05a0bb03) Importer(815301076,1909f56bfc062723c751e8b465ee728b)
Start importing Assets/Sprites/Walk (9).png using Guid(e4c8ce98cf75b4a4d94447ff05a0bb03) Importer(815301076,1909f56bfc062723c751e8b465ee728b)  -> (artifact id: 'e881672d305cb7319e4deec8ce5873ed') in 0.024309 seconds 
  Import took 0.029218 seconds .

========================================================================
Received Import Request.
  Time since last request: 0.000269 seconds.
  path: Assets/Sprites/Walk (6).png
  artifactKey: Guid(461a21975603a2f4db63d67a74e48c54) Importer(815301076,1909f56bfc062723c751e8b465ee728b)
Start importing Assets/Sprites/Walk (6).png using Guid(461a21975603a2f4db63d67a74e48c54) Importer(815301076,1909f56bfc062723c751e8b465ee728b)  -> (artifact id: '9262d6a6fe3f7b087343809fc5780e3b') in 0.026080 seconds 
  Import took 0.030729 seconds .

========================================================================
Received Import Request.
  Time since last request: 0.000233 seconds.
  path: Assets/Sprites/Walk (9).png
  artifactKey: Guid(e4c8ce98cf75b4a4d94447ff05a0bb03) Importer(815301076,1909f56bfc062723c751e8b465ee728b)
Start importing Assets/Sprites/Walk (9).png using Guid(e4c8ce98cf75b4a4d94447ff05a0bb03) Importer(815301076,1909f56bfc062723c751e8b465ee728b)  -> (artifact id: 'e881672d305cb7319e4deec8ce5873ed') in 0.022402 seconds 
  Import took 0.026549 seconds .

========================================================================
Received Prepare
Registering precompiled user dll's ...
Registered in 0.003604 seconds.
Begin MonoManager ReloadAssembly
Native extension for WindowsStandalone target not found
Native extension for WebGL target not found
Refreshing native plugins compatible for Editor in 0.47 ms, found 3 plugins.
Preloading 0 native plugins for Editor in 0.00 ms.
Mono: successfully reloaded assembly
- Completed reload, in  0.948 seconds
Domain Reload Profiling:
	ReloadAssembly (949ms)
		BeginReloadAssembly (98ms)
			ExecutionOrderSort (0ms)
			DisableScriptedObjects (5ms)
			BackupInstance (0ms)
			ReleaseScriptingObjects (0ms)
			CreateAndSetChildDomain (32ms)
		EndReloadAssembly (795ms)
			LoadAssemblies (77ms)
			RebuildTransferFunctionScriptingTraits (0ms)
			SetupTypeCache (263ms)
			ReleaseScriptCaches (1ms)
			RebuildScriptCaches (37ms)
			SetupLoadedEditorAssemblies (321ms)
				LogAssemblyErrors (0ms)
				InitializePlatformSupportModulesInManaged (5ms)
				SetLoadedEditorAssemblies (0ms)
				RefreshPlugins (1ms)
				BeforeProcessingInitializeOnLoad (78ms)
				ProcessInitializeOnLoadAttributes (226ms)
				ProcessInitializeOnLoadMethodAttributes (4ms)
				AfterProcessingInitializeOnLoad (6ms)
				EditorAssembliesLoaded (0ms)
			ExecutionOrderSort2 (0ms)
			AwakeInstancesAfterBackupRestoration (9ms)
Platform modules already initialized, skipping
Refreshing native plugins compatible for Editor in 0.45 ms, found 3 plugins.
Preloading 0 native plugins for Editor in 0.00 ms.
Unloading 2082 Unused Serialized files (Serialized files now loaded: 0)
System memory in use before: 95.6 MB.
System memory in use after: 95.7 MB.

Unloading 16 unused Assets to reduce memory usage. Loaded Objects now: 2552.
Total: 3.219000 ms (FindLiveObjects: 0.200900 ms CreateObjectMapping: 0.060400 ms MarkObjects: 2.941400 ms  DeleteObjects: 0.015100 ms)

AssetImportParameters requested are different than current active one (requested -> active):
  custom:framework-win-MediaFoundation: 216162199b28c13a410421893ffa2e32 -> 
  custom:video-decoder-ogg-theora: a1e56fd34408186e4bbccfd4996cb3dc -> 
  custom:container-muxer-webm: aa71ff27fc2769a1b78a27578f13a17b -> 
  custom:container-demuxer-webm: 4f35f7cbe854078d1ac9338744f61a02 -> 
  custom:container-demuxer-ogg: 62fdf1f143b41e24485cea50d1cbac27 -> 
  custom:video-encoder-webm-vp8: eb34c28f22e8b96e1ab97ce403110664 -> 
  custom:video-codec-MediaFoundation-h265: 746d11721c4dcdbdad8f713fa42b33f4 -> 
  custom:video-decoder-webm-vp8: 9c59270c3fd7afecdb556c50c9e8de78 -> 
  custom:audio-decoder-ogg-vorbis: bf7c407c2cedff20999df2af8eb42d56 -> 
  custom:audio-encoder-webm-vorbis: bf7c407c2cedff20999df2af8eb42d56 -> 
========================================================================
Received Import Request.
  Time since last request: 308.242703 seconds.
  path: Assets/Sprites/Walk.anim
  artifactKey: Guid(2fbbcb940b373a640b6e0087cc701d53) Importer(815301076,1909f56bfc062723c751e8b465ee728b)
Start importing Assets/Sprites/Walk.anim using Guid(2fbbcb940b373a640b6e0087cc701d53) Importer(815301076,1909f56bfc062723c751e8b465ee728b)  -> (artifact id: '6da3e83c5592924f46018ded695f02b2') in 0.019842 seconds 
  Import took 0.023100 seconds .

========================================================================
Received Import Request.
  Time since last request: 25.147462 seconds.
  path: Assets/Animations/Idle (1).controller
  artifactKey: Guid(103d2c94e3c8e9746bdc075e12a299e6) Importer(815301076,1909f56bfc062723c751e8b465ee728b)
Start importing Assets/Animations/Idle (1).controller using Guid(103d2c94e3c8e9746bdc075e12a299e6) Importer(815301076,1909f56bfc062723c751e8b465ee728b)  -> (artifact id: '37aaecc378abfe56a3454c79e3bf4fcd') in 0.005365 seconds 
  Import took 0.008538 seconds .

========================================================================
Received Import Request.
  Time since last request: 0.000985 seconds.
  path: Assets/Animations/Idle (1).controller
  artifactKey: Guid(103d2c94e3c8e9746bdc075e12a299e6) Importer(815301076,1909f56bfc062723c751e8b465ee728b)
Start importing Assets/Animations/Idle (1).controller using Guid(103d2c94e3c8e9746bdc075e12a299e6) Importer(815301076,1909f56bfc062723c751e8b465ee728b)  -> (artifact id: '37aaecc378abfe56a3454c79e3bf4fcd') in 0.003376 seconds 
  Import took 0.007477 seconds .

========================================================================
Received Import Request.
  Time since last request: 1.937773 seconds.
  path: Assets/Animations/idle.anim
  artifactKey: Guid(122d0c236108c3c49a81777221d685ac) Importer(815301076,1909f56bfc062723c751e8b465ee728b)
Start importing Assets/Animations/idle.anim using Guid(122d0c236108c3c49a81777221d685ac) Importer(815301076,1909f56bfc062723c751e8b465ee728b)  -> (artifact id: 'f2195503df680c1d18648b285fabfa99') in 0.008063 seconds 
  Import took 0.012186 seconds .

========================================================================
Received Import Request.
  Time since last request: 0.004501 seconds.
  path: Assets/Animations/idle.anim
  artifactKey: Guid(122d0c236108c3c49a81777221d685ac) Importer(815301076,1909f56bfc062723c751e8b465ee728b)
Start importing Assets/Animations/idle.anim using Guid(122d0c236108c3c49a81777221d685ac) Importer(815301076,1909f56bfc062723c751e8b465ee728b)  -> (artifact id: 'f2195503df680c1d18648b285fabfa99') in 0.002777 seconds 
  Import took 0.006612 seconds .

========================================================================
Received Import Request.
  Time since last request: 0.863546 seconds.
  path: Assets/Animations/walk.anim
  artifactKey: Guid(3bfa70e21e72afb48942103d03e7e807) Importer(815301076,1909f56bfc062723c751e8b465ee728b)
Start importing Assets/Animations/walk.anim using Guid(3bfa70e21e72afb48942103d03e7e807) Importer(815301076,1909f56bfc062723c751e8b465ee728b)  -> (artifact id: '16a944caea9412014a27a142fb1c9430') in 0.007979 seconds 
  Import took 0.012175 seconds .

========================================================================
Received Import Request.
  Time since last request: 0.000969 seconds.
  path: Assets/Animations/walk.anim
  artifactKey: Guid(3bfa70e21e72afb48942103d03e7e807) Importer(815301076,1909f56bfc062723c751e8b465ee728b)
Start importing Assets/Animations/walk.anim using Guid(3bfa70e21e72afb48942103d03e7e807) Importer(815301076,1909f56bfc062723c751e8b465ee728b)  -> (artifact id: '16a944caea9412014a27a142fb1c9430') in 0.003092 seconds 
  Import took 0.006989 seconds .

========================================================================
Received Prepare
Registering precompiled user dll's ...
Registered in 0.005060 seconds.
Begin MonoManager ReloadAssembly
Native extension for WindowsStandalone target not found
Native extension for WebGL target not found
Refreshing native plugins compatible for Editor in 0.50 ms, found 3 plugins.
Preloading 0 native plugins for Editor in 0.00 ms.
Mono: successfully reloaded assembly
- Completed reload, in  1.029 seconds
Domain Reload Profiling:
	ReloadAssembly (1030ms)
		BeginReloadAssembly (110ms)
			ExecutionOrderSort (0ms)
			DisableScriptedObjects (6ms)
			BackupInstance (0ms)
			ReleaseScriptingObjects (0ms)
			CreateAndSetChildDomain (31ms)
		EndReloadAssembly (862ms)
			LoadAssemblies (78ms)
			RebuildTransferFunctionScriptingTraits (0ms)
			SetupTypeCache (260ms)
			ReleaseScriptCaches (1ms)
			RebuildScriptCaches (42ms)
			SetupLoadedEditorAssemblies (368ms)
				LogAssemblyErrors (0ms)
				InitializePlatformSupportModulesInManaged (6ms)
				SetLoadedEditorAssemblies (0ms)
				RefreshPlugins (1ms)
				BeforeProcessingInitializeOnLoad (95ms)
				ProcessInitializeOnLoadAttributes (254ms)
				ProcessInitializeOnLoadMethodAttributes (5ms)
				AfterProcessingInitializeOnLoad (6ms)
				EditorAssembliesLoaded (0ms)
			ExecutionOrderSort2 (0ms)
			AwakeInstancesAfterBackupRestoration (10ms)
Platform modules already initialized, skipping
Refreshing native plugins compatible for Editor in 0.65 ms, found 3 plugins.
Preloading 0 native plugins for Editor in 0.00 ms.
Unloading 2082 Unused Serialized files (Serialized files now loaded: 0)
System memory in use before: 95.7 MB.
System memory in use after: 95.8 MB.

Unloading 16 unused Assets to reduce memory usage. Loaded Objects now: 2555.
Total: 3.193200 ms (FindLiveObjects: 0.210100 ms CreateObjectMapping: 0.076500 ms MarkObjects: 2.890400 ms  DeleteObjects: 0.015500 ms)

AssetImportParameters requested are different than current active one (requested -> active):
  custom:framework-win-MediaFoundation: 216162199b28c13a410421893ffa2e32 -> 
  custom:video-decoder-ogg-theora: a1e56fd34408186e4bbccfd4996cb3dc -> 
  custom:container-muxer-webm: aa71ff27fc2769a1b78a27578f13a17b -> 
  custom:container-demuxer-webm: 4f35f7cbe854078d1ac9338744f61a02 -> 
  custom:container-demuxer-ogg: 62fdf1f143b41e24485cea50d1cbac27 -> 
  custom:video-encoder-webm-vp8: eb34c28f22e8b96e1ab97ce403110664 -> 
  custom:video-codec-MediaFoundation-h265: 746d11721c4dcdbdad8f713fa42b33f4 -> 
  custom:video-decoder-webm-vp8: 9c59270c3fd7afecdb556c50c9e8de78 -> 
  custom:audio-decoder-ogg-vorbis: bf7c407c2cedff20999df2af8eb42d56 -> 
  custom:audio-encoder-webm-vorbis: bf7c407c2cedff20999df2af8eb42d56 -> 
AssetImportWorkerClient::OnTransportError - code=2 error=End of file
